2024-12-04 17:30:21,456 - custodian.output - ERROR - Error while executing policy
Traceback (most recent call last):
  File "/home/saurabh/.local/lib/python3.10/site-packages/c7n/policy.py", line 330, in run
    resources = self.policy.resource_manager.resources()
  File "/home/saurabh/.local/lib/python3.10/site-packages/c7n/query.py", line 540, in resources
    resources = self.source.resources(query)
  File "/home/saurabh/.local/lib/python3.10/site-packages/c7n/resources/iam.py", line 381, in resources
    return super(DescribePolicy, self).resources(query=query)
  File "/home/saurabh/.local/lib/python3.10/site-packages/c7n/query.py", line 230, in resources
    return self.query.filter(self.manager, **query)
  File "/home/saurabh/.local/lib/python3.10/site-packages/c7n/query.py", line 75, in filter
    return self._invoke_client_enum(
  File "/home/saurabh/.local/lib/python3.10/site-packages/c7n/query.py", line 53, in _invoke_client_enum
    data = results.build_full_result()
  File "/home/saurabh/.local/lib/python3.10/site-packages/botocore/paginate.py", line 479, in build_full_result
    for response in self:
  File "/home/saurabh/.local/lib/python3.10/site-packages/botocore/paginate.py", line 269, in __iter__
    response = self._make_request(current_kwargs)
  File "/home/saurabh/.local/lib/python3.10/site-packages/c7n/query.py", line 767, in _make_request
    return self.retry(self._method, **current_kwargs)
  File "/home/saurabh/.local/lib/python3.10/site-packages/c7n/utils.py", line 457, in _retry
    return func(*args, **kw)
  File "/home/saurabh/.local/lib/python3.10/site-packages/botocore/client.py", line 569, in _api_call
    return self._make_api_call(operation_name, kwargs)
  File "/home/saurabh/.local/lib/python3.10/site-packages/botocore/client.py", line 1023, in _make_api_call
    raise error_class(parsed_response, operation_name)
botocore.exceptions.ClientError: An error occurred (AccessDenied) when calling the ListPolicies operation: User: arn:aws:iam::971422712704:user/custodian is not authorized to perform: iam:ListPolicies on resource: policy path / because no identity-based policy allows the iam:ListPolicies action
2024-12-04 17:33:35,364 - custodian.output - ERROR - Error while executing policy
Traceback (most recent call last):
  File "/home/saurabh/.local/lib/python3.10/site-packages/c7n/policy.py", line 330, in run
    resources = self.policy.resource_manager.resources()
  File "/home/saurabh/.local/lib/python3.10/site-packages/c7n/query.py", line 540, in resources
    resources = self.source.resources(query)
  File "/home/saurabh/.local/lib/python3.10/site-packages/c7n/resources/iam.py", line 381, in resources
    return super(DescribePolicy, self).resources(query=query)
  File "/home/saurabh/.local/lib/python3.10/site-packages/c7n/query.py", line 230, in resources
    return self.query.filter(self.manager, **query)
  File "/home/saurabh/.local/lib/python3.10/site-packages/c7n/query.py", line 75, in filter
    return self._invoke_client_enum(
  File "/home/saurabh/.local/lib/python3.10/site-packages/c7n/query.py", line 53, in _invoke_client_enum
    data = results.build_full_result()
  File "/home/saurabh/.local/lib/python3.10/site-packages/botocore/paginate.py", line 479, in build_full_result
    for response in self:
  File "/home/saurabh/.local/lib/python3.10/site-packages/botocore/paginate.py", line 269, in __iter__
    response = self._make_request(current_kwargs)
  File "/home/saurabh/.local/lib/python3.10/site-packages/c7n/query.py", line 767, in _make_request
    return self.retry(self._method, **current_kwargs)
  File "/home/saurabh/.local/lib/python3.10/site-packages/c7n/utils.py", line 457, in _retry
    return func(*args, **kw)
  File "/home/saurabh/.local/lib/python3.10/site-packages/botocore/client.py", line 569, in _api_call
    return self._make_api_call(operation_name, kwargs)
  File "/home/saurabh/.local/lib/python3.10/site-packages/botocore/client.py", line 1023, in _make_api_call
    raise error_class(parsed_response, operation_name)
botocore.exceptions.ClientError: An error occurred (AccessDenied) when calling the ListPolicies operation: User: arn:aws:iam::971422712704:user/custodian is not authorized to perform: iam:ListPolicies on resource: policy path / because no identity-based policy allows the iam:ListPolicies action
2024-12-04 17:39:13,137 - custodian.output - ERROR - Error while executing policy
Traceback (most recent call last):
  File "/home/saurabh/.local/lib/python3.10/site-packages/c7n/policy.py", line 330, in run
    resources = self.policy.resource_manager.resources()
  File "/home/saurabh/.local/lib/python3.10/site-packages/c7n/query.py", line 540, in resources
    resources = self.source.resources(query)
  File "/home/saurabh/.local/lib/python3.10/site-packages/c7n/resources/iam.py", line 381, in resources
    return super(DescribePolicy, self).resources(query=query)
  File "/home/saurabh/.local/lib/python3.10/site-packages/c7n/query.py", line 230, in resources
    return self.query.filter(self.manager, **query)
  File "/home/saurabh/.local/lib/python3.10/site-packages/c7n/query.py", line 75, in filter
    return self._invoke_client_enum(
  File "/home/saurabh/.local/lib/python3.10/site-packages/c7n/query.py", line 53, in _invoke_client_enum
    data = results.build_full_result()
  File "/home/saurabh/.local/lib/python3.10/site-packages/botocore/paginate.py", line 479, in build_full_result
    for response in self:
  File "/home/saurabh/.local/lib/python3.10/site-packages/botocore/paginate.py", line 269, in __iter__
    response = self._make_request(current_kwargs)
  File "/home/saurabh/.local/lib/python3.10/site-packages/c7n/query.py", line 767, in _make_request
    return self.retry(self._method, **current_kwargs)
  File "/home/saurabh/.local/lib/python3.10/site-packages/c7n/utils.py", line 457, in _retry
    return func(*args, **kw)
  File "/home/saurabh/.local/lib/python3.10/site-packages/botocore/client.py", line 569, in _api_call
    return self._make_api_call(operation_name, kwargs)
  File "/home/saurabh/.local/lib/python3.10/site-packages/botocore/client.py", line 1023, in _make_api_call
    raise error_class(parsed_response, operation_name)
botocore.exceptions.ClientError: An error occurred (AccessDenied) when calling the ListPolicies operation: User: arn:aws:iam::971422712704:user/custodian is not authorized to perform: iam:ListPolicies on resource: policy path / because no identity-based policy allows the iam:ListPolicies action
2024-12-04 17:40:51,106 - custodian.output - ERROR - Error while executing policy
Traceback (most recent call last):
  File "/home/saurabh/.local/lib/python3.10/site-packages/c7n/policy.py", line 330, in run
    resources = self.policy.resource_manager.resources()
  File "/home/saurabh/.local/lib/python3.10/site-packages/c7n/query.py", line 543, in resources
    resources = self.augment(resources)
  File "/home/saurabh/.local/lib/python3.10/site-packages/c7n/query.py", line 599, in augment
    return self.source.augment(resources)
  File "/home/saurabh/.local/lib/python3.10/site-packages/c7n/resources/iam.py", line 396, in augment
    return universal_augment(self.manager, super().augment(resources))
  File "/home/saurabh/.local/lib/python3.10/site-packages/c7n/tags.py", line 90, in universal_augment
    resource_tag_results = client.get_resources(
  File "/home/saurabh/.local/lib/python3.10/site-packages/botocore/client.py", line 569, in _api_call
    return self._make_api_call(operation_name, kwargs)
  File "/home/saurabh/.local/lib/python3.10/site-packages/botocore/client.py", line 1023, in _make_api_call
    raise error_class(parsed_response, operation_name)
botocore.exceptions.ClientError: An error occurred (AccessDeniedException) when calling the GetResources operation: User: arn:aws:iam::971422712704:user/custodian is not authorized to perform: tag:GetResources because no identity-based policy allows the tag:GetResources action
2024-12-04 17:46:15,166 - custodian.output - ERROR - Error while executing policy
Traceback (most recent call last):
  File "/home/saurabh/.local/lib/python3.10/site-packages/c7n/policy.py", line 330, in run
    resources = self.policy.resource_manager.resources()
  File "/home/saurabh/.local/lib/python3.10/site-packages/c7n/query.py", line 543, in resources
    resources = self.augment(resources)
  File "/home/saurabh/.local/lib/python3.10/site-packages/c7n/query.py", line 599, in augment
    return self.source.augment(resources)
  File "/home/saurabh/.local/lib/python3.10/site-packages/c7n/resources/iam.py", line 396, in augment
    return universal_augment(self.manager, super().augment(resources))
  File "/home/saurabh/.local/lib/python3.10/site-packages/c7n/tags.py", line 90, in universal_augment
    resource_tag_results = client.get_resources(
  File "/home/saurabh/.local/lib/python3.10/site-packages/botocore/client.py", line 569, in _api_call
    return self._make_api_call(operation_name, kwargs)
  File "/home/saurabh/.local/lib/python3.10/site-packages/botocore/client.py", line 1023, in _make_api_call
    raise error_class(parsed_response, operation_name)
botocore.exceptions.ClientError: An error occurred (AccessDeniedException) when calling the GetResources operation: User: arn:aws:iam::971422712704:user/custodian is not authorized to perform: tag:GetResources because no identity-based policy allows the tag:GetResources action
2024-12-04 17:48:15,933 - custodian.policy - INFO - policy:iam-policy-tag-compliance resource:iam-policy region:us-west-2 count:1 time:2.98
