2024-12-04 17:30:23,093 - custodian.output - ERROR - Error while executing policy
Traceback (most recent call last):
  File "/home/saurabh/.local/lib/python3.10/site-packages/c7n/policy.py", line 330, in run
    resources = self.policy.resource_manager.resources()
  File "/home/saurabh/.local/lib/python3.10/site-packages/c7n/query.py", line 540, in resources
    resources = self.source.resources(query)
  File "/home/saurabh/.local/lib/python3.10/site-packages/c7n/query.py", line 230, in resources
    return self.query.filter(self.manager, **query)
  File "/home/saurabh/.local/lib/python3.10/site-packages/c7n/query.py", line 75, in filter
    return self._invoke_client_enum(
  File "/home/saurabh/.local/lib/python3.10/site-packages/c7n/query.py", line 53, in _invoke_client_enum
    data = results.build_full_result()
  File "/home/saurabh/.local/lib/python3.10/site-packages/botocore/paginate.py", line 479, in build_full_result
    for response in self:
  File "/home/saurabh/.local/lib/python3.10/site-packages/botocore/paginate.py", line 269, in __iter__
    response = self._make_request(current_kwargs)
  File "/home/saurabh/.local/lib/python3.10/site-packages/c7n/query.py", line 767, in _make_request
    return self.retry(self._method, **current_kwargs)
  File "/home/saurabh/.local/lib/python3.10/site-packages/c7n/utils.py", line 457, in _retry
    return func(*args, **kw)
  File "/home/saurabh/.local/lib/python3.10/site-packages/botocore/client.py", line 569, in _api_call
    return self._make_api_call(operation_name, kwargs)
  File "/home/saurabh/.local/lib/python3.10/site-packages/botocore/client.py", line 1023, in _make_api_call
    raise error_class(parsed_response, operation_name)
botocore.exceptions.ClientError: An error occurred (AccessDenied) when calling the ListRoles operation: User: arn:aws:iam::971422712704:user/custodian is not authorized to perform: iam:ListRoles on resource: arn:aws:iam::971422712704:role/ because no identity-based policy allows the iam:ListRoles action
2024-12-04 17:33:36,629 - custodian.output - ERROR - Error while executing policy
Traceback (most recent call last):
  File "/home/saurabh/.local/lib/python3.10/site-packages/c7n/policy.py", line 330, in run
    resources = self.policy.resource_manager.resources()
  File "/home/saurabh/.local/lib/python3.10/site-packages/c7n/query.py", line 540, in resources
    resources = self.source.resources(query)
  File "/home/saurabh/.local/lib/python3.10/site-packages/c7n/query.py", line 230, in resources
    return self.query.filter(self.manager, **query)
  File "/home/saurabh/.local/lib/python3.10/site-packages/c7n/query.py", line 75, in filter
    return self._invoke_client_enum(
  File "/home/saurabh/.local/lib/python3.10/site-packages/c7n/query.py", line 53, in _invoke_client_enum
    data = results.build_full_result()
  File "/home/saurabh/.local/lib/python3.10/site-packages/botocore/paginate.py", line 479, in build_full_result
    for response in self:
  File "/home/saurabh/.local/lib/python3.10/site-packages/botocore/paginate.py", line 269, in __iter__
    response = self._make_request(current_kwargs)
  File "/home/saurabh/.local/lib/python3.10/site-packages/c7n/query.py", line 767, in _make_request
    return self.retry(self._method, **current_kwargs)
  File "/home/saurabh/.local/lib/python3.10/site-packages/c7n/utils.py", line 457, in _retry
    return func(*args, **kw)
  File "/home/saurabh/.local/lib/python3.10/site-packages/botocore/client.py", line 569, in _api_call
    return self._make_api_call(operation_name, kwargs)
  File "/home/saurabh/.local/lib/python3.10/site-packages/botocore/client.py", line 1023, in _make_api_call
    raise error_class(parsed_response, operation_name)
botocore.exceptions.ClientError: An error occurred (AccessDenied) when calling the ListRoles operation: User: arn:aws:iam::971422712704:user/custodian is not authorized to perform: iam:ListRoles on resource: arn:aws:iam::971422712704:role/ because no identity-based policy allows the iam:ListRoles action
2024-12-04 17:39:14,174 - custodian.output - ERROR - Error while executing policy
Traceback (most recent call last):
  File "/home/saurabh/.local/lib/python3.10/site-packages/c7n/policy.py", line 330, in run
    resources = self.policy.resource_manager.resources()
  File "/home/saurabh/.local/lib/python3.10/site-packages/c7n/query.py", line 540, in resources
    resources = self.source.resources(query)
  File "/home/saurabh/.local/lib/python3.10/site-packages/c7n/query.py", line 230, in resources
    return self.query.filter(self.manager, **query)
  File "/home/saurabh/.local/lib/python3.10/site-packages/c7n/query.py", line 75, in filter
    return self._invoke_client_enum(
  File "/home/saurabh/.local/lib/python3.10/site-packages/c7n/query.py", line 53, in _invoke_client_enum
    data = results.build_full_result()
  File "/home/saurabh/.local/lib/python3.10/site-packages/botocore/paginate.py", line 479, in build_full_result
    for response in self:
  File "/home/saurabh/.local/lib/python3.10/site-packages/botocore/paginate.py", line 269, in __iter__
    response = self._make_request(current_kwargs)
  File "/home/saurabh/.local/lib/python3.10/site-packages/c7n/query.py", line 767, in _make_request
    return self.retry(self._method, **current_kwargs)
  File "/home/saurabh/.local/lib/python3.10/site-packages/c7n/utils.py", line 457, in _retry
    return func(*args, **kw)
  File "/home/saurabh/.local/lib/python3.10/site-packages/botocore/client.py", line 569, in _api_call
    return self._make_api_call(operation_name, kwargs)
  File "/home/saurabh/.local/lib/python3.10/site-packages/botocore/client.py", line 1023, in _make_api_call
    raise error_class(parsed_response, operation_name)
botocore.exceptions.ClientError: An error occurred (AccessDenied) when calling the ListRoles operation: User: arn:aws:iam::971422712704:user/custodian is not authorized to perform: iam:ListRoles on resource: arn:aws:iam::971422712704:role/ because no identity-based policy allows the iam:ListRoles action
2024-12-04 17:40:54,383 - custodian.output - ERROR - Error while executing policy
Traceback (most recent call last):
  File "/home/saurabh/.local/lib/python3.10/site-packages/c7n/policy.py", line 330, in run
    resources = self.policy.resource_manager.resources()
  File "/home/saurabh/.local/lib/python3.10/site-packages/c7n/query.py", line 543, in resources
    resources = self.augment(resources)
  File "/home/saurabh/.local/lib/python3.10/site-packages/c7n/query.py", line 599, in augment
    return self.source.augment(resources)
  File "/home/saurabh/.local/lib/python3.10/site-packages/c7n/query.py", line 275, in augment
    results = list(w.map(
  File "/usr/lib/python3.10/concurrent/futures/_base.py", line 621, in result_iterator
    yield _result_or_cancel(fs.pop())
  File "/usr/lib/python3.10/concurrent/futures/_base.py", line 319, in _result_or_cancel
    return fut.result(timeout)
  File "/usr/lib/python3.10/concurrent/futures/_base.py", line 458, in result
    return self.__get_result()
  File "/usr/lib/python3.10/concurrent/futures/_base.py", line 403, in __get_result
    raise self._exception
  File "/usr/lib/python3.10/concurrent/futures/thread.py", line 58, in run
    result = self.fn(*self.args, **self.kwargs)
  File "/home/saurabh/.local/lib/python3.10/site-packages/c7n/query.py", line 748, in _scalar_augment
    response = op(*args, **kw)
  File "/home/saurabh/.local/lib/python3.10/site-packages/c7n/utils.py", line 457, in _retry
    return func(*args, **kw)
  File "/home/saurabh/.local/lib/python3.10/site-packages/botocore/client.py", line 569, in _api_call
    return self._make_api_call(operation_name, kwargs)
  File "/home/saurabh/.local/lib/python3.10/site-packages/botocore/client.py", line 1023, in _make_api_call
    raise error_class(parsed_response, operation_name)
botocore.exceptions.ClientError: An error occurred (AccessDenied) when calling the GetRole operation: User: arn:aws:iam::971422712704:user/custodian is not authorized to perform: iam:GetRole on resource: role aws-controltower-AdministratorExecutionRole because no identity-based policy allows the iam:GetRole action
2024-12-04 17:46:24,173 - custodian.policy - INFO - policy:iam-role-tag-compliance resource:iam-role region:us-west-2 count:21 time:9.00
2024-12-04 17:48:26,796 - custodian.policy - INFO - policy:iam-role-tag-compliance resource:iam-role region:us-west-2 count:21 time:10.86
